<?xml version="1.0" encoding="UTF-8"?>
<testsuite name="vn.hoangtung.jobfind.service.CvDoctorServiceTest" tests="4" skipped="0" failures="0" errors="0" timestamp="2026-03-21T18:01:01" hostname="MSI" time="0.031">
  <properties/>
  <testcase name="testExtractTextFromPdf_withTooLargeFile()" classname="vn.hoangtung.jobfind.service.CvDoctorServiceTest" time="0.016"/>
  <testcase name="testExtractTextFromPdf_withValidPdf()" classname="vn.hoangtung.jobfind.service.CvDoctorServiceTest" time="0.005"/>
  <testcase name="testExtractTextFromPdf_withEmptyFile()" classname="vn.hoangtung.jobfind.service.CvDoctorServiceTest" time="0.004"/>
  <testcase name="testExtractTextFromPdf_withNonPdfFile()" classname="vn.hoangtung.jobfind.service.CvDoctorServiceTest" time="0.004"/>
  <system-out><![CDATA[?[2m2026-03-22T01:01:01.047+07:00?[0;39m ?[32m INFO?[0;39m ?[35m18628?[0;39m ?[2m---?[0;39m ?[2m[jobfind] [    Test worker]?[0;39m ?[2m?[0;39m?[36mt.c.s.AnnotationConfigContextLoaderUtils?[0;39m ?[2m:?[0;39m Could not detect default configuration classes for test class [vn.hoangtung.jobfind.service.CvDoctorServiceTest]: CvDoctorServiceTest does not declare any static, non-private, non-final, nested classes annotated with @Configuration.
?[2m2026-03-22T01:01:01.058+07:00?[0;39m ?[32m INFO?[0;39m ?[35m18628?[0;39m ?[2m---?[0;39m ?[2m[jobfind] [    Test worker]?[0;39m ?[2m?[0;39m?[36m.b.t.c.SpringBootTestContextBootstrapper?[0;39m ?[2m:?[0;39m Found @SpringBootConfiguration vn.hoangtung.jobfind.JobFindApplication for test class vn.hoangtung.jobfind.service.CvDoctorServiceTest
?? Ch?a có file test-cv.pdf trong src/test/resources/
   ??t 1 file CV PDF vào ?ó r?i ch?y l?i test
]]></system-out>
  <system-err><![CDATA[]]></system-err>
</testsuite>
